2020-08-24T03:14:30+00:00 CRITICAL Uncaught Error: Class 'ElementorHelloWorld\Widgets\JwsCustom\JwsStudies' not found in /home/sevenwpt/public_html/general02/ailab/wp-content/themes/ailab/inc/widget_elementor/plugin.php:140
Stack trace:
#0 /home/sevenwpt/public_html/general02/ailab/wp-includes/class-wp-hook.php(287): ElementorHelloWorld\Plugin->register_widgets(Object(Elementor\Widgets_Manager))
#1 /home/sevenwpt/public_html/general02/ailab/wp-includes/class-wp-hook.php(311): WP_Hook->apply_filters('', Array)
#2 /home/sevenwpt/public_html/general02/ailab/wp-includes/plugin.php(478): WP_Hook->do_action(Array)
#3 /home/sevenwpt/public_html/general02/ailab/wp-content/plugins/elementor/includes/managers/widgets.php(99): do_action('elementor/widge...', Object(Elementor\Widgets_Manager))
#4 /home/sevenwpt/public_html/general02/ailab/wp-content/plugins/elementor/includes/managers/widgets.php(235): Elementor\Widgets_Manager->init_widgets()
#5 /home/sevenwpt/public_html/general02/ailab/wp-content/plugins/elementor/includes/elements/column.php(1026): El in /home/sevenwpt/public_html/general02/ailab/wp-content/themes/ailab/inc/widget_elementor/plugin.php on line 140

2020-08-24T03:15:16+00:00 CRITICAL Uncaught Error: Class 'ElementorHelloWorld\Widgets\JwsCustom\JwsStudies' not found in /home/sevenwpt/public_html/general02/ailab/wp-content/themes/ailab/inc/widget_elementor/plugin.php:140
Stack trace:
#0 /home/sevenwpt/public_html/general02/ailab/wp-includes/class-wp-hook.php(287): ElementorHelloWorld\Plugin->register_widgets(Object(Elementor\Widgets_Manager))
#1 /home/sevenwpt/public_html/general02/ailab/wp-includes/class-wp-hook.php(311): WP_Hook->apply_filters('', Array)
#2 /home/sevenwpt/public_html/general02/ailab/wp-includes/plugin.php(478): WP_Hook->do_action(Array)
#3 /home/sevenwpt/public_html/general02/ailab/wp-content/plugins/elementor/includes/managers/widgets.php(99): do_action('elementor/widge...', Object(Elementor\Widgets_Manager))
#4 /home/sevenwpt/public_html/general02/ailab/wp-content/plugins/elementor/includes/managers/widgets.php(235): Elementor\Widgets_Manager->init_widgets()
#5 /home/sevenwpt/public_html/general02/ailab/wp-content/plugins/elementor/includes/elements/column.php(1026): El in /home/sevenwpt/public_html/general02/ailab/wp-content/themes/ailab/inc/widget_elementor/plugin.php on line 140

2020-08-24T03:19:29+00:00 CRITICAL Uncaught Error: Class 'ElementorHelloWorld\Widgets\JwsCustom\JwsStudies' not found in /home/sevenwpt/public_html/general02/ailab/wp-content/themes/ailab/inc/widget_elementor/plugin.php:140
Stack trace:
#0 /home/sevenwpt/public_html/general02/ailab/wp-includes/class-wp-hook.php(287): ElementorHelloWorld\Plugin->register_widgets(Object(Elementor\Widgets_Manager))
#1 /home/sevenwpt/public_html/general02/ailab/wp-includes/class-wp-hook.php(311): WP_Hook->apply_filters('', Array)
#2 /home/sevenwpt/public_html/general02/ailab/wp-includes/plugin.php(478): WP_Hook->do_action(Array)
#3 /home/sevenwpt/public_html/general02/ailab/wp-content/plugins/elementor/includes/managers/widgets.php(99): do_action('elementor/widge...', Object(Elementor\Widgets_Manager))
#4 /home/sevenwpt/public_html/general02/ailab/wp-content/plugins/elementor/includes/managers/widgets.php(235): Elementor\Widgets_Manager->init_widgets()
#5 /home/sevenwpt/public_html/general02/ailab/wp-content/plugins/elementor/includes/elements/column.php(1026): El in /home/sevenwpt/public_html/general02/ailab/wp-content/themes/ailab/inc/widget_elementor/plugin.php on line 140

2020-08-24T03:20:38+00:00 CRITICAL Uncaught Error: Class 'ElementorHelloWorld\Widgets\JwsCustom\JwsStudies' not found in /home/sevenwpt/public_html/general02/ailab/wp-content/themes/ailab/inc/widget_elementor/plugin.php:140
Stack trace:
#0 /home/sevenwpt/public_html/general02/ailab/wp-includes/class-wp-hook.php(287): ElementorHelloWorld\Plugin->register_widgets(Object(Elementor\Widgets_Manager))
#1 /home/sevenwpt/public_html/general02/ailab/wp-includes/class-wp-hook.php(311): WP_Hook->apply_filters('', Array)
#2 /home/sevenwpt/public_html/general02/ailab/wp-includes/plugin.php(478): WP_Hook->do_action(Array)
#3 /home/sevenwpt/public_html/general02/ailab/wp-content/plugins/elementor/includes/managers/widgets.php(99): do_action('elementor/widge...', Object(Elementor\Widgets_Manager))
#4 /home/sevenwpt/public_html/general02/ailab/wp-content/plugins/elementor/includes/managers/widgets.php(235): Elementor\Widgets_Manager->init_widgets()
#5 /home/sevenwpt/public_html/general02/ailab/wp-content/plugins/elementor/includes/elements/column.php(1026): El in /home/sevenwpt/public_html/general02/ailab/wp-content/themes/ailab/inc/widget_elementor/plugin.php on line 140

2020-08-24T03:22:10+00:00 CRITICAL Uncaught Error: Class 'ElementorHelloWorld\Widgets\JwsCustom\JwsStudies' not found in /home/sevenwpt/public_html/general02/ailab/wp-content/themes/ailab/inc/widget_elementor/plugin.php:140
Stack trace:
#0 /home/sevenwpt/public_html/general02/ailab/wp-includes/class-wp-hook.php(287): ElementorHelloWorld\Plugin->register_widgets(Object(Elementor\Widgets_Manager))
#1 /home/sevenwpt/public_html/general02/ailab/wp-includes/class-wp-hook.php(311): WP_Hook->apply_filters('', Array)
#2 /home/sevenwpt/public_html/general02/ailab/wp-includes/plugin.php(478): WP_Hook->do_action(Array)
#3 /home/sevenwpt/public_html/general02/ailab/wp-content/plugins/elementor/includes/managers/widgets.php(99): do_action('elementor/widge...', Object(Elementor\Widgets_Manager))
#4 /home/sevenwpt/public_html/general02/ailab/wp-content/plugins/elementor/includes/managers/widgets.php(235): Elementor\Widgets_Manager->init_widgets()
#5 /home/sevenwpt/public_html/general02/ailab/wp-content/plugins/elementor/includes/elements/column.php(1026): El in /home/sevenwpt/public_html/general02/ailab/wp-content/themes/ailab/inc/widget_elementor/plugin.php on line 140

2020-08-24T03:22:55+00:00 CRITICAL Uncaught Error: Class 'ElementorHelloWorld\Widgets\JwsCustom\JwsStudies' not found in /home/sevenwpt/public_html/general02/ailab/wp-content/themes/ailab/inc/widget_elementor/plugin.php:140
Stack trace:
#0 /home/sevenwpt/public_html/general02/ailab/wp-includes/class-wp-hook.php(287): ElementorHelloWorld\Plugin->register_widgets(Object(Elementor\Widgets_Manager))
#1 /home/sevenwpt/public_html/general02/ailab/wp-includes/class-wp-hook.php(311): WP_Hook->apply_filters('', Array)
#2 /home/sevenwpt/public_html/general02/ailab/wp-includes/plugin.php(478): WP_Hook->do_action(Array)
#3 /home/sevenwpt/public_html/general02/ailab/wp-content/plugins/elementor/includes/managers/widgets.php(99): do_action('elementor/widge...', Object(Elementor\Widgets_Manager))
#4 /home/sevenwpt/public_html/general02/ailab/wp-content/plugins/elementor/includes/managers/widgets.php(235): Elementor\Widgets_Manager->init_widgets()
#5 /home/sevenwpt/public_html/general02/ailab/wp-content/plugins/elementor/includes/elements/column.php(1026): El in /home/sevenwpt/public_html/general02/ailab/wp-content/themes/ailab/inc/widget_elementor/plugin.php on line 140

2020-08-24T03:23:20+00:00 CRITICAL Uncaught Error: Class 'ElementorHelloWorld\Widgets\JwsCustom\JwsStudies' not found in /home/sevenwpt/public_html/general02/ailab/wp-content/themes/ailab/inc/widget_elementor/plugin.php:140
Stack trace:
#0 /home/sevenwpt/public_html/general02/ailab/wp-includes/class-wp-hook.php(287): ElementorHelloWorld\Plugin->register_widgets(Object(Elementor\Widgets_Manager))
#1 /home/sevenwpt/public_html/general02/ailab/wp-includes/class-wp-hook.php(311): WP_Hook->apply_filters('', Array)
#2 /home/sevenwpt/public_html/general02/ailab/wp-includes/plugin.php(478): WP_Hook->do_action(Array)
#3 /home/sevenwpt/public_html/general02/ailab/wp-content/plugins/elementor/includes/managers/widgets.php(99): do_action('elementor/widge...', Object(Elementor\Widgets_Manager))
#4 /home/sevenwpt/public_html/general02/ailab/wp-content/plugins/elementor/includes/managers/widgets.php(235): Elementor\Widgets_Manager->init_widgets()
#5 /home/sevenwpt/public_html/general02/ailab/wp-content/plugins/elementor/includes/elements/column.php(1026): El in /home/sevenwpt/public_html/general02/ailab/wp-content/themes/ailab/inc/widget_elementor/plugin.php on line 140

2020-08-24T03:23:28+00:00 CRITICAL Uncaught Error: Class 'ElementorHelloWorld\Widgets\JwsCustom\JwsStudies' not found in /home/sevenwpt/public_html/general02/ailab/wp-content/themes/ailab/inc/widget_elementor/plugin.php:140
Stack trace:
#0 /home/sevenwpt/public_html/general02/ailab/wp-includes/class-wp-hook.php(287): ElementorHelloWorld\Plugin->register_widgets(Object(Elementor\Widgets_Manager))
#1 /home/sevenwpt/public_html/general02/ailab/wp-includes/class-wp-hook.php(311): WP_Hook->apply_filters('', Array)
#2 /home/sevenwpt/public_html/general02/ailab/wp-includes/plugin.php(478): WP_Hook->do_action(Array)
#3 /home/sevenwpt/public_html/general02/ailab/wp-content/plugins/elementor/includes/managers/widgets.php(99): do_action('elementor/widge...', Object(Elementor\Widgets_Manager))
#4 /home/sevenwpt/public_html/general02/ailab/wp-content/plugins/elementor/includes/managers/widgets.php(235): Elementor\Widgets_Manager->init_widgets()
#5 /home/sevenwpt/public_html/general02/ailab/wp-content/plugins/elementor/includes/elements/column.php(1026): El in /home/sevenwpt/public_html/general02/ailab/wp-content/themes/ailab/inc/widget_elementor/plugin.php on line 140

2020-08-24T03:23:48+00:00 CRITICAL Uncaught Error: Class 'ElementorHelloWorld\Widgets\JwsCustom\JwsStudies' not found in /home/sevenwpt/public_html/general02/ailab/wp-content/themes/ailab/inc/widget_elementor/plugin.php:140
Stack trace:
#0 /home/sevenwpt/public_html/general02/ailab/wp-includes/class-wp-hook.php(287): ElementorHelloWorld\Plugin->register_widgets(Object(Elementor\Widgets_Manager))
#1 /home/sevenwpt/public_html/general02/ailab/wp-includes/class-wp-hook.php(311): WP_Hook->apply_filters('', Array)
#2 /home/sevenwpt/public_html/general02/ailab/wp-includes/plugin.php(478): WP_Hook->do_action(Array)
#3 /home/sevenwpt/public_html/general02/ailab/wp-content/plugins/elementor/includes/managers/widgets.php(99): do_action('elementor/widge...', Object(Elementor\Widgets_Manager))
#4 /home/sevenwpt/public_html/general02/ailab/wp-content/plugins/elementor/includes/managers/widgets.php(235): Elementor\Widgets_Manager->init_widgets()
#5 /home/sevenwpt/public_html/general02/ailab/wp-content/plugins/elementor/includes/elements/column.php(1026): El in /home/sevenwpt/public_html/general02/ailab/wp-content/themes/ailab/inc/widget_elementor/plugin.php on line 140

2020-08-24T03:24:11+00:00 CRITICAL Uncaught Error: Class 'ElementorHelloWorld\Widgets\JwsCustom\JwsStudies' not found in /home/sevenwpt/public_html/general02/ailab/wp-content/themes/ailab/inc/widget_elementor/plugin.php:140
Stack trace:
#0 /home/sevenwpt/public_html/general02/ailab/wp-includes/class-wp-hook.php(287): ElementorHelloWorld\Plugin->register_widgets(Object(Elementor\Widgets_Manager))
#1 /home/sevenwpt/public_html/general02/ailab/wp-includes/class-wp-hook.php(311): WP_Hook->apply_filters('', Array)
#2 /home/sevenwpt/public_html/general02/ailab/wp-includes/plugin.php(478): WP_Hook->do_action(Array)
#3 /home/sevenwpt/public_html/general02/ailab/wp-content/plugins/elementor/includes/managers/widgets.php(99): do_action('elementor/widge...', Object(Elementor\Widgets_Manager))
#4 /home/sevenwpt/public_html/general02/ailab/wp-content/plugins/elementor/includes/managers/widgets.php(235): Elementor\Widgets_Manager->init_widgets()
#5 /home/sevenwpt/public_html/general02/ailab/wp-content/plugins/elementor/includes/elements/column.php(1026): El in /home/sevenwpt/public_html/general02/ailab/wp-content/themes/ailab/inc/widget_elementor/plugin.php on line 140

2020-08-24T03:24:25+00:00 CRITICAL Uncaught Error: Class 'ElementorHelloWorld\Widgets\JwsCustom\JwsStudies' not found in /home/sevenwpt/public_html/general02/ailab/wp-content/themes/ailab/inc/widget_elementor/plugin.php:140
Stack trace:
#0 /home/sevenwpt/public_html/general02/ailab/wp-includes/class-wp-hook.php(287): ElementorHelloWorld\Plugin->register_widgets(Object(Elementor\Widgets_Manager))
#1 /home/sevenwpt/public_html/general02/ailab/wp-includes/class-wp-hook.php(311): WP_Hook->apply_filters('', Array)
#2 /home/sevenwpt/public_html/general02/ailab/wp-includes/plugin.php(478): WP_Hook->do_action(Array)
#3 /home/sevenwpt/public_html/general02/ailab/wp-content/plugins/elementor/includes/managers/widgets.php(99): do_action('elementor/widge...', Object(Elementor\Widgets_Manager))
#4 /home/sevenwpt/public_html/general02/ailab/wp-content/plugins/elementor/includes/managers/widgets.php(235): Elementor\Widgets_Manager->init_widgets()
#5 /home/sevenwpt/public_html/general02/ailab/wp-content/plugins/elementor/includes/elements/column.php(1026): El in /home/sevenwpt/public_html/general02/ailab/wp-content/themes/ailab/inc/widget_elementor/plugin.php on line 140

2020-08-24T03:25:10+00:00 CRITICAL Uncaught Error: Class 'ElementorHelloWorld\Widgets\JwsCustom\JwsStudies' not found in /home/sevenwpt/public_html/general02/ailab/wp-content/themes/ailab/inc/widget_elementor/plugin.php:140
Stack trace:
#0 /home/sevenwpt/public_html/general02/ailab/wp-includes/class-wp-hook.php(287): ElementorHelloWorld\Plugin->register_widgets(Object(Elementor\Widgets_Manager))
#1 /home/sevenwpt/public_html/general02/ailab/wp-includes/class-wp-hook.php(311): WP_Hook->apply_filters('', Array)
#2 /home/sevenwpt/public_html/general02/ailab/wp-includes/plugin.php(478): WP_Hook->do_action(Array)
#3 /home/sevenwpt/public_html/general02/ailab/wp-content/plugins/elementor/includes/managers/widgets.php(99): do_action('elementor/widge...', Object(Elementor\Widgets_Manager))
#4 /home/sevenwpt/public_html/general02/ailab/wp-content/plugins/elementor/includes/managers/widgets.php(235): Elementor\Widgets_Manager->init_widgets()
#5 /home/sevenwpt/public_html/general02/ailab/wp-content/plugins/elementor/includes/elements/column.php(1026): El in /home/sevenwpt/public_html/general02/ailab/wp-content/themes/ailab/inc/widget_elementor/plugin.php on line 140

2020-08-24T03:25:52+00:00 CRITICAL Uncaught Error: Class 'ElementorHelloWorld\Widgets\JwsCustom\JwsStudies' not found in /home/sevenwpt/public_html/general02/ailab/wp-content/themes/ailab/inc/widget_elementor/plugin.php:140
Stack trace:
#0 /home/sevenwpt/public_html/general02/ailab/wp-includes/class-wp-hook.php(287): ElementorHelloWorld\Plugin->register_widgets(Object(Elementor\Widgets_Manager))
#1 /home/sevenwpt/public_html/general02/ailab/wp-includes/class-wp-hook.php(311): WP_Hook->apply_filters('', Array)
#2 /home/sevenwpt/public_html/general02/ailab/wp-includes/plugin.php(478): WP_Hook->do_action(Array)
#3 /home/sevenwpt/public_html/general02/ailab/wp-content/plugins/elementor/includes/managers/widgets.php(99): do_action('elementor/widge...', Object(Elementor\Widgets_Manager))
#4 /home/sevenwpt/public_html/general02/ailab/wp-content/plugins/elementor/includes/managers/widgets.php(235): Elementor\Widgets_Manager->init_widgets()
#5 /home/sevenwpt/public_html/general02/ailab/wp-content/plugins/elementor/includes/elements/column.php(1026): El in /home/sevenwpt/public_html/general02/ailab/wp-content/themes/ailab/inc/widget_elementor/plugin.php on line 140

2020-08-24T03:26:04+00:00 CRITICAL Uncaught Error: Class 'ElementorHelloWorld\Widgets\JwsCustom\JwsStudies' not found in /home/sevenwpt/public_html/general02/ailab/wp-content/themes/ailab/inc/widget_elementor/plugin.php:140
Stack trace:
#0 /home/sevenwpt/public_html/general02/ailab/wp-includes/class-wp-hook.php(287): ElementorHelloWorld\Plugin->register_widgets(Object(Elementor\Widgets_Manager))
#1 /home/sevenwpt/public_html/general02/ailab/wp-includes/class-wp-hook.php(311): WP_Hook->apply_filters('', Array)
#2 /home/sevenwpt/public_html/general02/ailab/wp-includes/plugin.php(478): WP_Hook->do_action(Array)
#3 /home/sevenwpt/public_html/general02/ailab/wp-content/plugins/elementor/includes/managers/widgets.php(99): do_action('elementor/widge...', Object(Elementor\Widgets_Manager))
#4 /home/sevenwpt/public_html/general02/ailab/wp-content/plugins/elementor/includes/managers/widgets.php(235): Elementor\Widgets_Manager->init_widgets()
#5 /home/sevenwpt/public_html/general02/ailab/wp-content/plugins/elementor/includes/elements/column.php(1026): El in /home/sevenwpt/public_html/general02/ailab/wp-content/themes/ailab/inc/widget_elementor/plugin.php on line 140

2020-08-24T03:26:26+00:00 CRITICAL Uncaught Error: Class 'ElementorHelloWorld\Widgets\JwsCustom\JwsStudies' not found in /home/sevenwpt/public_html/general02/ailab/wp-content/themes/ailab/inc/widget_elementor/plugin.php:140
Stack trace:
#0 /home/sevenwpt/public_html/general02/ailab/wp-includes/class-wp-hook.php(287): ElementorHelloWorld\Plugin->register_widgets(Object(Elementor\Widgets_Manager))
#1 /home/sevenwpt/public_html/general02/ailab/wp-includes/class-wp-hook.php(311): WP_Hook->apply_filters('', Array)
#2 /home/sevenwpt/public_html/general02/ailab/wp-includes/plugin.php(478): WP_Hook->do_action(Array)
#3 /home/sevenwpt/public_html/general02/ailab/wp-content/plugins/elementor/includes/managers/widgets.php(99): do_action('elementor/widge...', Object(Elementor\Widgets_Manager))
#4 /home/sevenwpt/public_html/general02/ailab/wp-content/plugins/elementor/includes/managers/widgets.php(235): Elementor\Widgets_Manager->init_widgets()
#5 /home/sevenwpt/public_html/general02/ailab/wp-content/plugins/elementor/includes/elements/column.php(1026): El in /home/sevenwpt/public_html/general02/ailab/wp-content/themes/ailab/inc/widget_elementor/plugin.php on line 140

2020-08-24T03:26:27+00:00 CRITICAL Uncaught Error: Class 'ElementorHelloWorld\Widgets\JwsCustom\JwsStudies' not found in /home/sevenwpt/public_html/general02/ailab/wp-content/themes/ailab/inc/widget_elementor/plugin.php:140
Stack trace:
#0 /home/sevenwpt/public_html/general02/ailab/wp-includes/class-wp-hook.php(287): ElementorHelloWorld\Plugin->register_widgets(Object(Elementor\Widgets_Manager))
#1 /home/sevenwpt/public_html/general02/ailab/wp-includes/class-wp-hook.php(311): WP_Hook->apply_filters('', Array)
#2 /home/sevenwpt/public_html/general02/ailab/wp-includes/plugin.php(478): WP_Hook->do_action(Array)
#3 /home/sevenwpt/public_html/general02/ailab/wp-content/plugins/elementor/includes/managers/widgets.php(99): do_action('elementor/widge...', Object(Elementor\Widgets_Manager))
#4 /home/sevenwpt/public_html/general02/ailab/wp-content/plugins/elementor/includes/managers/widgets.php(235): Elementor\Widgets_Manager->init_widgets()
#5 /home/sevenwpt/public_html/general02/ailab/wp-content/plugins/elementor/includes/elements/column.php(1026): El in /home/sevenwpt/public_html/general02/ailab/wp-content/themes/ailab/inc/widget_elementor/plugin.php on line 140

2020-08-24T03:26:34+00:00 CRITICAL Uncaught Error: Class 'ElementorHelloWorld\Widgets\JwsCustom\JwsStudies' not found in /home/sevenwpt/public_html/general02/ailab/wp-content/themes/ailab/inc/widget_elementor/plugin.php:140
Stack trace:
#0 /home/sevenwpt/public_html/general02/ailab/wp-includes/class-wp-hook.php(287): ElementorHelloWorld\Plugin->register_widgets(Object(Elementor\Widgets_Manager))
#1 /home/sevenwpt/public_html/general02/ailab/wp-includes/class-wp-hook.php(311): WP_Hook->apply_filters('', Array)
#2 /home/sevenwpt/public_html/general02/ailab/wp-includes/plugin.php(478): WP_Hook->do_action(Array)
#3 /home/sevenwpt/public_html/general02/ailab/wp-content/plugins/elementor/includes/managers/widgets.php(99): do_action('elementor/widge...', Object(Elementor\Widgets_Manager))
#4 /home/sevenwpt/public_html/general02/ailab/wp-content/plugins/elementor/includes/managers/widgets.php(235): Elementor\Widgets_Manager->init_widgets()
#5 /home/sevenwpt/public_html/general02/ailab/wp-content/plugins/elementor/includes/elements/column.php(1026): El in /home/sevenwpt/public_html/general02/ailab/wp-content/themes/ailab/inc/widget_elementor/plugin.php on line 140

2020-08-24T03:26:36+00:00 CRITICAL Uncaught Error: Class 'ElementorHelloWorld\Widgets\JwsCustom\JwsStudies' not found in /home/sevenwpt/public_html/general02/ailab/wp-content/themes/ailab/inc/widget_elementor/plugin.php:140
Stack trace:
#0 /home/sevenwpt/public_html/general02/ailab/wp-includes/class-wp-hook.php(287): ElementorHelloWorld\Plugin->register_widgets(Object(Elementor\Widgets_Manager))
#1 /home/sevenwpt/public_html/general02/ailab/wp-includes/class-wp-hook.php(311): WP_Hook->apply_filters('', Array)
#2 /home/sevenwpt/public_html/general02/ailab/wp-includes/plugin.php(478): WP_Hook->do_action(Array)
#3 /home/sevenwpt/public_html/general02/ailab/wp-content/plugins/elementor/includes/managers/widgets.php(99): do_action('elementor/widge...', Object(Elementor\Widgets_Manager))
#4 /home/sevenwpt/public_html/general02/ailab/wp-content/plugins/elementor/includes/managers/widgets.php(235): Elementor\Widgets_Manager->init_widgets()
#5 /home/sevenwpt/public_html/general02/ailab/wp-content/plugins/elementor/includes/elements/column.php(1026): El in /home/sevenwpt/public_html/general02/ailab/wp-content/themes/ailab/inc/widget_elementor/plugin.php on line 140

2020-08-24T03:27:26+00:00 CRITICAL Uncaught Error: Class 'ElementorHelloWorld\Widgets\JwsCustom\JwsStudies' not found in /home/sevenwpt/public_html/general02/ailab/wp-content/themes/ailab/inc/widget_elementor/plugin.php:140
Stack trace:
#0 /home/sevenwpt/public_html/general02/ailab/wp-includes/class-wp-hook.php(287): ElementorHelloWorld\Plugin->register_widgets(Object(Elementor\Widgets_Manager))
#1 /home/sevenwpt/public_html/general02/ailab/wp-includes/class-wp-hook.php(311): WP_Hook->apply_filters('', Array)
#2 /home/sevenwpt/public_html/general02/ailab/wp-includes/plugin.php(478): WP_Hook->do_action(Array)
#3 /home/sevenwpt/public_html/general02/ailab/wp-content/plugins/elementor/includes/managers/widgets.php(99): do_action('elementor/widge...', Object(Elementor\Widgets_Manager))
#4 /home/sevenwpt/public_html/general02/ailab/wp-content/plugins/elementor/includes/managers/widgets.php(235): Elementor\Widgets_Manager->init_widgets()
#5 /home/sevenwpt/public_html/general02/ailab/wp-content/plugins/elementor/includes/elements/column.php(1026): El in /home/sevenwpt/public_html/general02/ailab/wp-content/themes/ailab/inc/widget_elementor/plugin.php on line 140

