2020-07-02T08:44:53+00:00 CRITICAL Uncaught Error: Call to undefined function jws_get_lost_password_url() in /home/sevenwpt/public_html/general02/ailab/wp-content/themes/AILab/inc/widget_elementor/widgets/jws-custom/jws-login-form/content.php:50
Stack trace:
#0 /home/sevenwpt/public_html/general02/ailab/wp-content/themes/AILab/inc/widget_elementor/widgets/jws-custom/jws-login-form/jws-login-form.php(379): include()
#1 /home/sevenwpt/public_html/general02/ailab/wp-content/plugins/elementor/includes/base/widget-base.php(531): ElementorHelloWorld\Widgets\JwsCustom\Login_form->render()
#2 /home/sevenwpt/public_html/general02/ailab/wp-content/plugins/elementor/includes/base/widget-base.php(661): Elementor\Widget_Base->render_content()
#3 /home/sevenwpt/public_html/general02/ailab/wp-content/plugins/elementor/includes/base/element-base.php(642): Elementor\Widget_Base->_print_content()
#4 /home/sevenwpt/public_html/general02/ailab/wp-content/plugins/elementor/includes/base/element-base.php(858): Elementor\Element_Base->print_element()
#5 /home/sevenw in /home/sevenwpt/public_html/general02/ailab/wp-content/themes/AILab/inc/widget_elementor/widgets/jws-custom/jws-login-form/content.php on line 50

2020-07-02T08:44:58+00:00 CRITICAL Uncaught Error: Call to undefined function jws_get_lost_password_url() in /home/sevenwpt/public_html/general02/ailab/wp-content/themes/AILab/inc/widget_elementor/widgets/jws-custom/jws-login-form/content.php:50
Stack trace:
#0 /home/sevenwpt/public_html/general02/ailab/wp-content/themes/AILab/inc/widget_elementor/widgets/jws-custom/jws-login-form/jws-login-form.php(379): include()
#1 /home/sevenwpt/public_html/general02/ailab/wp-content/plugins/elementor/includes/base/widget-base.php(531): ElementorHelloWorld\Widgets\JwsCustom\Login_form->render()
#2 /home/sevenwpt/public_html/general02/ailab/wp-content/plugins/elementor/includes/base/widget-base.php(661): Elementor\Widget_Base->render_content()
#3 /home/sevenwpt/public_html/general02/ailab/wp-content/plugins/elementor/includes/base/element-base.php(642): Elementor\Widget_Base->_print_content()
#4 /home/sevenwpt/public_html/general02/ailab/wp-content/plugins/elementor/includes/base/element-base.php(858): Elementor\Element_Base->print_element()
#5 /home/sevenw in /home/sevenwpt/public_html/general02/ailab/wp-content/themes/AILab/inc/widget_elementor/widgets/jws-custom/jws-login-form/content.php on line 50

2020-07-02T08:45:03+00:00 CRITICAL Uncaught Error: Call to undefined function jws_get_lost_password_url() in /home/sevenwpt/public_html/general02/ailab/wp-content/themes/AILab/inc/widget_elementor/widgets/jws-custom/jws-login-form/content.php:50
Stack trace:
#0 /home/sevenwpt/public_html/general02/ailab/wp-content/themes/AILab/inc/widget_elementor/widgets/jws-custom/jws-login-form/jws-login-form.php(379): include()
#1 /home/sevenwpt/public_html/general02/ailab/wp-content/plugins/elementor/includes/base/widget-base.php(531): ElementorHelloWorld\Widgets\JwsCustom\Login_form->render()
#2 /home/sevenwpt/public_html/general02/ailab/wp-content/plugins/elementor/includes/base/widget-base.php(661): Elementor\Widget_Base->render_content()
#3 /home/sevenwpt/public_html/general02/ailab/wp-content/plugins/elementor/includes/base/element-base.php(642): Elementor\Widget_Base->_print_content()
#4 /home/sevenwpt/public_html/general02/ailab/wp-content/plugins/elementor/includes/base/element-base.php(858): Elementor\Element_Base->print_element()
#5 /home/sevenw in /home/sevenwpt/public_html/general02/ailab/wp-content/themes/AILab/inc/widget_elementor/widgets/jws-custom/jws-login-form/content.php on line 50

2020-07-02T08:45:16+00:00 CRITICAL Uncaught Error: Call to undefined function jws_get_lost_password_url() in /home/sevenwpt/public_html/general02/ailab/wp-content/themes/AILab/inc/widget_elementor/widgets/jws-custom/jws-login-form/content.php:50
Stack trace:
#0 /home/sevenwpt/public_html/general02/ailab/wp-content/themes/AILab/inc/widget_elementor/widgets/jws-custom/jws-login-form/jws-login-form.php(379): include()
#1 /home/sevenwpt/public_html/general02/ailab/wp-content/plugins/elementor/includes/base/widget-base.php(531): ElementorHelloWorld\Widgets\JwsCustom\Login_form->render()
#2 /home/sevenwpt/public_html/general02/ailab/wp-content/plugins/elementor/includes/base/widget-base.php(661): Elementor\Widget_Base->render_content()
#3 /home/sevenwpt/public_html/general02/ailab/wp-content/plugins/elementor/includes/base/element-base.php(642): Elementor\Widget_Base->_print_content()
#4 /home/sevenwpt/public_html/general02/ailab/wp-content/plugins/elementor/includes/base/element-base.php(858): Elementor\Element_Base->print_element()
#5 /home/sevenw in /home/sevenwpt/public_html/general02/ailab/wp-content/themes/AILab/inc/widget_elementor/widgets/jws-custom/jws-login-form/content.php on line 50

2020-07-02T09:12:01+00:00 CRITICAL Uncaught Error: Call to undefined function jws_get_lost_password_url() in /home/sevenwpt/public_html/general02/ailab/wp-content/themes/AILab/inc/widget_elementor/widgets/jws-custom/jws-login-form/content.php:50
Stack trace:
#0 /home/sevenwpt/public_html/general02/ailab/wp-content/themes/AILab/inc/widget_elementor/widgets/jws-custom/jws-login-form/jws-login-form.php(379): include()
#1 /home/sevenwpt/public_html/general02/ailab/wp-content/plugins/elementor/includes/base/widget-base.php(531): ElementorHelloWorld\Widgets\JwsCustom\Login_form->render()
#2 /home/sevenwpt/public_html/general02/ailab/wp-content/plugins/elementor/includes/base/widget-base.php(661): Elementor\Widget_Base->render_content()
#3 /home/sevenwpt/public_html/general02/ailab/wp-content/plugins/elementor/includes/base/element-base.php(642): Elementor\Widget_Base->_print_content()
#4 /home/sevenwpt/public_html/general02/ailab/wp-content/plugins/elementor/includes/base/element-base.php(858): Elementor\Element_Base->print_element()
#5 /home/sevenw in /home/sevenwpt/public_html/general02/ailab/wp-content/themes/AILab/inc/widget_elementor/widgets/jws-custom/jws-login-form/content.php on line 50

