2020-07-10T06:25:41+00:00 CRITICAL Uncaught Error: Call to undefined function jws_header() in /home/sevenwpt/public_html/general02/ailab/wp-content/themes/AILab/header.php:30
Stack trace:
#0 /home/sevenwpt/public_html/general02/ailab/wp-includes/template.php(723): require_once()
#1 /home/sevenwpt/public_html/general02/ailab/wp-includes/template.php(672): load_template('/home/sevenwpt/...', true)
#2 /home/sevenwpt/public_html/general02/ailab/wp-includes/general-template.php(41): locate_template(Array, true)
#3 /home/sevenwpt/public_html/general02/ailab/wp-content/themes/AILab/single.php(2): get_header()
#4 /home/sevenwpt/public_html/general02/ailab/wp-includes/template-loader.php(106): include('/home/sevenwpt/...')
#5 /home/sevenwpt/public_html/general02/ailab/wp-blog-header.php(19): require_once('/home/sevenwpt/...')
#6 /home/sevenwpt/public_html/general02/ailab/index.php(17): require('/home/sevenwpt/...')
#7 {main}
  thrown in /home/sevenwpt/public_html/general02/ailab/wp-content/themes/AILab/header.php on line 30

2020-07-10T06:26:28+00:00 CRITICAL Uncaught Error: Call to undefined function jws_header() in /home/sevenwpt/public_html/general02/ailab/wp-content/themes/AILab/header.php:30
Stack trace:
#0 /home/sevenwpt/public_html/general02/ailab/wp-includes/template.php(723): require_once()
#1 /home/sevenwpt/public_html/general02/ailab/wp-includes/template.php(672): load_template('/home/sevenwpt/...', true)
#2 /home/sevenwpt/public_html/general02/ailab/wp-includes/general-template.php(41): locate_template(Array, true)
#3 /home/sevenwpt/public_html/general02/ailab/wp-content/themes/AILab/page-template-titlebar.php(12): get_header()
#4 /home/sevenwpt/public_html/general02/ailab/wp-includes/template-loader.php(106): include('/home/sevenwpt/...')
#5 /home/sevenwpt/public_html/general02/ailab/wp-blog-header.php(19): require_once('/home/sevenwpt/...')
#6 /home/sevenwpt/public_html/general02/ailab/index.php(17): require('/home/sevenwpt/...')
#7 {main}
  thrown in /home/sevenwpt/public_html/general02/ailab/wp-content/themes/AILab/header.php on line 30

